[2026-01-21 15:18:10] [INFO] [config_loader.py:41] Loaded configuration from /app/jic_competiion/config/chasis_params.yaml
[2026-01-21 15:18:51] [INFO] [config_loader.py:41] Loaded configuration from /app/jic_competiion/config/chasis_params.yaml
[2026-01-21 15:19:44] [INFO] [config_loader.py:41] Loaded configuration from /app/jic_competiion/config/chasis_params.yaml
[2026-01-21 15:43:13] [INFO] [config_loader.py:41] Loaded configuration from /app/jic_competiion/config/chasis_params.yaml
[2026-01-21 15:43:19] [DEBUG] [camera_driver.py:32] Camera 0 opened successfully
[2026-01-21 15:59:26] [INFO] [config_loader.py:41] Loaded configuration from /app/jic_competiion/config/chasis_params.yaml
[2026-01-21 16:14:01] [INFO] [config_loader.py:41] Loaded configuration from /app/jic_competiion/config/chasis_params.yaml
[2026-01-21 16:16:13] [INFO] [config_loader.py:41] Loaded configuration from /app/jic_competiion/config/chasis_params.yaml
[2026-01-21 16:16:40] [INFO] [config_loader.py:41] Loaded configuration from /app/jic_competiion/config/chasis_params.yaml
[2026-01-21 16:17:20] [INFO] [config_loader.py:41] Loaded configuration from /app/jic_competiion/config/chasis_params.yaml
[2026-01-21 16:17:51] [INFO] [config_loader.py:41] Loaded configuration from /app/jic_competiion/config/chasis_params.yaml
[2026-01-21 16:18:19] [INFO] [config_loader.py:41] Loaded configuration from /app/jic_competiion/config/chasis_params.yaml
[2026-01-21 16:19:37] [INFO] [config_loader.py:41] Loaded configuration from /app/jic_competiion/config/chasis_params.yaml
[2026-01-21 16:20:32] [INFO] [config_loader.py:41] Loaded configuration from /app/jic_competiion/config/chasis_params.yaml
[2026-01-21 16:26:44] [INFO] [config_loader.py:41] Loaded configuration from /app/jic_competiion/config/chasis_params.yaml
[2026-01-21 16:27:19] [INFO] [config_loader.py:41] Loaded configuration from /app/jic_competiion/config/chasis_params.yaml
[2026-01-21 16:27:53] [INFO] [config_loader.py:41] Loaded configuration from /app/jic_competiion/config/chasis_params.yaml
[2026-01-21 16:28:26] [INFO] [config_loader.py:41] Loaded configuration from /app/jic_competiion/config/chasis_params.yaml
[2026-01-21 16:39:47] [ERROR] [imu_driver.py:30] Failed to initialize IMU BNO055 on Bus 5: No I2C device at address: 0x28
[2026-01-21 16:45:09] [ERROR] [imu_driver.py:30] Failed to initialize IMU BNO055 on Bus 5: No I2C device at address: 0x28
[2026-01-21 16:53:11] [INFO] [imu_driver.py:28] IMU BNO055 initialized on Bus 5 Address 0x29
[2026-01-21 17:02:03] [INFO] [config_loader.py:41] Loaded configuration from /app/jic_competiion/config/chasis_params.yaml
[2026-01-21 17:02:20] [ERROR] [imu_driver.py:30] Failed to initialize IMU BNO055 on Bus 5: [Errno 121] Remote I/O error
[2026-01-21 17:02:23] [DEBUG] [camera_driver.py:32] Camera 0 opened successfully
[2026-01-21 17:02:47] [INFO] [config_loader.py:41] Loaded configuration from /app/jic_competiion/config/imu_params.yaml
[2026-01-21 17:02:47] [INFO] [config_loader.py:41] Loaded configuration from /app/jic_competiion/config/imu_params.yaml
[2026-01-21 17:02:47] [ERROR] [imu_driver.py:35] Failed to initialize IMU BNO055 on Bus 5: No I2C device at address: 0x28
[2026-01-21 18:44:17] [INFO] [config_loader.py:41] Loaded configuration from /app/jic_competiion/config/imu_params.yaml
[2026-01-21 18:44:18] [INFO] [imu_driver.py:33] IMU BNO055 initialized on Bus 5 Address 0x29
[2026-01-21 18:45:28] [INFO] [get_imu_info.py:8] Initializing IMU Driver...
[2026-01-21 18:45:28] [INFO] [config_loader.py:41] Loaded configuration from /app/jic_competiion/config/imu_params.yaml
[2026-01-21 18:45:29] [INFO] [imu_driver.py:33] IMU BNO055 initialized on Bus 5 Address 0x29
[2026-01-21 18:45:29] [INFO] [get_imu_info.py:13] IMU Connected!
[2026-01-21 18:45:29] [INFO] [get_imu_info.py:16] Data: {'timestamp': 1768992329.213273, 'orientation': {'x': 0.0, 'y': 0.0, 'z': 0.0, 'w': 0.0}, 'angular_velocity': {'x': 0.001090830782496456, 'y': -0.00545415391248228, 'z': -0.001090830782496456}, 'linear_acceleration': {'x': 0.18, 'y': -0.06, 'z': 9.450000000000001}}
[2026-01-21 18:45:30] [INFO] [get_imu_info.py:16] Data: {'timestamp': 1768992330.2238808, 'orientation': {'x': -0.00482177734375, 'y': -0.009033203125, 'z': 0.0, 'w': 0.99993896484375}, 'angular_velocity': {'x': 0.002181661564992912, 'y': -0.002181661564992912, 'z': 0.001090830782496456}, 'linear_acceleration': {'x': 0.16, 'y': -0.11, 'z': 9.46}}
[2026-01-21 18:45:31] [INFO] [get_imu_info.py:16] Data: {'timestamp': 1768992331.2329526, 'orientation': {'x': -0.00482177734375, 'y': -0.009033203125, 'z': 0.0, 'w': 0.99993896484375}, 'angular_velocity': {'x': 0.001090830782496456, 'y': 0.003272492347489368, 'z': 0.002181661564992912}, 'linear_acceleration': {'x': 0.17, 'y': -0.07, 'z': 9.450000000000001}}
[2026-01-21 18:45:32] [INFO] [get_imu_info.py:16] Data: {'timestamp': 1768992332.240551, 'orientation': {'x': -0.00482177734375, 'y': -0.009033203125, 'z': 0.0, 'w': 0.99993896484375}, 'angular_velocity': {'x': -0.002181661564992912, 'y': -0.003272492347489368, 'z': 0.002181661564992912}, 'linear_acceleration': {'x': 0.17, 'y': -0.1, 'z': 9.42}}
[2026-01-21 18:45:33] [INFO] [get_imu_info.py:16] Data: {'timestamp': 1768992333.252009, 'orientation': {'x': -0.00482177734375, 'y': -0.009033203125, 'z': 0.0, 'w': 0.99993896484375}, 'angular_velocity': {'x': -0.001090830782496456, 'y': -0.00545415391248228, 'z': -0.001090830782496456}, 'linear_acceleration': {'x': 0.18, 'y': -0.1, 'z': 9.44}}
[2026-01-21 18:47:24] [INFO] [config_loader.py:41] Loaded configuration from /app/jic_competiion/config/chasis_params.yaml
[2026-01-21 18:47:40] [INFO] [config_loader.py:41] Loaded configuration from /app/jic_competiion/config/imu_params.yaml
[2026-01-21 18:47:40] [ERROR] [imu_driver.py:35] Failed to initialize IMU BNO055 on Bus 5: No I2C device at address: 0x28
[2026-01-21 18:47:47] [DEBUG] [camera_driver.py:32] Camera 0 opened successfully
[2026-01-21 19:02:50] [INFO] [config_loader.py:41] Loaded configuration from /app/jic_competiion/config/chasis_params.yaml
[2026-01-21 19:02:52] [INFO] [config_loader.py:41] Loaded configuration from /app/jic_competiion/config/imu_params.yaml
[2026-01-21 19:02:53] [INFO] [imu_driver.py:33] IMU BNO055 initialized on Bus 5 Address 0x29
[2026-01-21 19:04:12] [DEBUG] [camera_driver.py:32] Camera 0 opened successfully
[2026-01-21 19:38:21] [INFO] [config_loader.py:41] Loaded configuration from /app/jic_competiion/config/chasis_params.yaml
[2026-01-21 19:38:22] [INFO] [config_loader.py:41] Loaded configuration from /app/jic_competiion/config/imu_params.yaml
[2026-01-21 19:38:22] [INFO] [imu_driver.py:33] IMU BNO055 initialized on Bus 5 Address 0x29
[2026-01-21 19:40:51] [ERROR] [imu_driver.py:97] Error reading IMU data: [Errno 121] Remote I/O error
[2026-01-21 19:40:52] [ERROR] [imu_driver.py:97] Error reading IMU data: [Errno 121] Remote I/O error
[2026-01-21 19:40:52] [ERROR] [imu_driver.py:97] Error reading IMU data: [Errno 121] Remote I/O error
[2026-01-21 19:40:52] [ERROR] [imu_driver.py:97] Error reading IMU data: [Errno 121] Remote I/O error
[2026-01-21 19:40:52] [ERROR] [imu_driver.py:97] Error reading IMU data: [Errno 121] Remote I/O error
[2026-01-21 19:40:52] [ERROR] [imu_driver.py:97] Error reading IMU data: [Errno 121] Remote I/O error
[2026-01-21 19:40:53] [ERROR] [imu_driver.py:97] Error reading IMU data: [Errno 121] Remote I/O error
[2026-01-21 19:40:53] [ERROR] [imu_driver.py:97] Error reading IMU data: [Errno 121] Remote I/O error
[2026-01-21 19:40:53] [ERROR] [imu_driver.py:97] Error reading IMU data: [Errno 121] Remote I/O error
[2026-01-21 19:40:53] [ERROR] [imu_driver.py:97] Error reading IMU data: [Errno 121] Remote I/O error
[2026-01-21 19:40:53] [ERROR] [imu_driver.py:97] Error reading IMU data: [Errno 121] Remote I/O error
[2026-01-21 19:40:54] [ERROR] [imu_driver.py:97] Error reading IMU data: [Errno 121] Remote I/O error
[2026-01-21 19:40:54] [ERROR] [imu_driver.py:97] Error reading IMU data: [Errno 121] Remote I/O error
[2026-01-21 19:40:54] [ERROR] [imu_driver.py:97] Error reading IMU data: [Errno 121] Remote I/O error
[2026-01-21 19:40:54] [ERROR] [imu_driver.py:97] Error reading IMU data: [Errno 121] Remote I/O error
[2026-01-21 19:40:54] [ERROR] [imu_driver.py:97] Error reading IMU data: [Errno 121] Remote I/O error
[2026-01-21 19:40:55] [ERROR] [imu_driver.py:97] Error reading IMU data: [Errno 121] Remote I/O error
[2026-01-21 19:40:55] [ERROR] [imu_driver.py:97] Error reading IMU data: [Errno 121] Remote I/O error
[2026-01-21 19:40:55] [ERROR] [imu_driver.py:97] Error reading IMU data: [Errno 121] Remote I/O error
[2026-01-21 19:40:55] [ERROR] [imu_driver.py:97] Error reading IMU data: [Errno 121] Remote I/O error
[2026-01-21 19:40:55] [ERROR] [imu_driver.py:97] Error reading IMU data: [Errno 121] Remote I/O error
[2026-01-21 19:40:56] [ERROR] [imu_driver.py:97] Error reading IMU data: [Errno 121] Remote I/O error
[2026-01-21 19:40:56] [ERROR] [imu_driver.py:97] Error reading IMU data: [Errno 121] Remote I/O error
[2026-01-21 19:40:56] [ERROR] [imu_driver.py:97] Error reading IMU data: [Errno 121] Remote I/O error
[2026-01-21 19:40:56] [ERROR] [imu_driver.py:97] Error reading IMU data: [Errno 121] Remote I/O error
[2026-01-21 19:40:56] [ERROR] [imu_driver.py:97] Error reading IMU data: [Errno 121] Remote I/O error
[2026-01-21 19:40:57] [ERROR] [imu_driver.py:97] Error reading IMU data: [Errno 121] Remote I/O error
[2026-01-21 19:40:58] [ERROR] [imu_driver.py:97] Error reading IMU data: [Errno 121] Remote I/O error
[2026-01-21 19:40:59] [ERROR] [imu_driver.py:97] Error reading IMU data: [Errno 121] Remote I/O error
[2026-01-21 19:40:59] [ERROR] [imu_driver.py:97] Error reading IMU data: [Errno 121] Remote I/O error
[2026-01-21 19:40:59] [ERROR] [imu_driver.py:97] Error reading IMU data: [Errno 121] Remote I/O error
[2026-01-21 19:40:59] [ERROR] [imu_driver.py:97] Error reading IMU data: [Errno 121] Remote I/O error
[2026-01-21 19:40:59] [ERROR] [imu_driver.py:97] Error reading IMU data: [Errno 121] Remote I/O error
[2026-01-21 19:41:00] [ERROR] [imu_driver.py:97] Error reading IMU data: [Errno 121] Remote I/O error
[2026-01-21 19:41:00] [ERROR] [imu_driver.py:97] Error reading IMU data: [Errno 121] Remote I/O error
[2026-01-21 19:41:00] [ERROR] [imu_driver.py:97] Error reading IMU data: [Errno 121] Remote I/O error
[2026-01-21 19:41:00] [ERROR] [imu_driver.py:97] Error reading IMU data: [Errno 121] Remote I/O error
[2026-01-21 19:41:00] [ERROR] [imu_driver.py:97] Error reading IMU data: [Errno 121] Remote I/O error
[2026-01-21 19:41:01] [ERROR] [imu_driver.py:97] Error reading IMU data: [Errno 121] Remote I/O error
[2026-01-21 19:41:01] [ERROR] [imu_driver.py:97] Error reading IMU data: [Errno 121] Remote I/O error
[2026-01-21 19:41:01] [ERROR] [imu_driver.py:97] Error reading IMU data: [Errno 121] Remote I/O error
[2026-01-21 19:41:01] [ERROR] [imu_driver.py:97] Error reading IMU data: [Errno 121] Remote I/O error
[2026-01-21 19:41:01] [ERROR] [imu_driver.py:97] Error reading IMU data: [Errno 121] Remote I/O error
[2026-01-21 19:41:01] [ERROR] [imu_driver.py:97] Error reading IMU data: [Errno 121] Remote I/O error
[2026-01-21 19:41:01] [ERROR] [imu_driver.py:97] Error reading IMU data: [Errno 121] Remote I/O error
[2026-01-21 19:41:02] [ERROR] [imu_driver.py:97] Error reading IMU data: [Errno 121] Remote I/O error
[2026-01-21 19:41:02] [ERROR] [imu_driver.py:97] Error reading IMU data: [Errno 121] Remote I/O error
[2026-01-21 19:41:02] [ERROR] [imu_driver.py:97] Error reading IMU data: [Errno 121] Remote I/O error
[2026-01-21 19:41:02] [ERROR] [imu_driver.py:97] Error reading IMU data: [Errno 121] Remote I/O error
[2026-01-21 19:41:02] [ERROR] [imu_driver.py:97] Error reading IMU data: [Errno 121] Remote I/O error
[2026-01-21 19:41:02] [ERROR] [imu_driver.py:97] Error reading IMU data: [Errno 121] Remote I/O error
[2026-01-21 19:41:02] [ERROR] [imu_driver.py:97] Error reading IMU data: [Errno 121] Remote I/O error
[2026-01-21 19:41:03] [ERROR] [imu_driver.py:97] Error reading IMU data: [Errno 121] Remote I/O error
[2026-01-21 19:41:03] [ERROR] [imu_driver.py:97] Error reading IMU data: [Errno 121] Remote I/O error
[2026-01-21 19:41:03] [ERROR] [imu_driver.py:97] Error reading IMU data: [Errno 121] Remote I/O error
[2026-01-21 19:41:03] [ERROR] [imu_driver.py:97] Error reading IMU data: [Errno 121] Remote I/O error
[2026-01-21 19:41:03] [ERROR] [imu_driver.py:97] Error reading IMU data: [Errno 121] Remote I/O error
[2026-01-21 19:41:03] [ERROR] [imu_driver.py:97] Error reading IMU data: [Errno 121] Remote I/O error
[2026-01-21 19:41:03] [ERROR] [imu_driver.py:97] Error reading IMU data: [Errno 121] Remote I/O error
[2026-01-21 19:41:04] [ERROR] [imu_driver.py:97] Error reading IMU data: [Errno 121] Remote I/O error
[2026-01-21 19:41:04] [ERROR] [imu_driver.py:97] Error reading IMU data: [Errno 121] Remote I/O error
[2026-01-21 19:41:04] [ERROR] [imu_driver.py:97] Error reading IMU data: [Errno 121] Remote I/O error
[2026-01-21 19:41:04] [ERROR] [imu_driver.py:97] Error reading IMU data: [Errno 121] Remote I/O error
[2026-01-21 19:41:04] [ERROR] [imu_driver.py:97] Error reading IMU data: [Errno 121] Remote I/O error
[2026-01-21 19:41:05] [ERROR] [imu_driver.py:97] Error reading IMU data: [Errno 121] Remote I/O error
[2026-01-21 19:41:05] [ERROR] [imu_driver.py:97] Error reading IMU data: [Errno 121] Remote I/O error
[2026-01-21 19:41:05] [ERROR] [imu_driver.py:97] Error reading IMU data: [Errno 121] Remote I/O error
[2026-01-21 19:41:05] [ERROR] [imu_driver.py:97] Error reading IMU data: [Errno 121] Remote I/O error
[2026-01-21 19:41:05] [ERROR] [imu_driver.py:97] Error reading IMU data: [Errno 121] Remote I/O error
[2026-01-21 19:41:06] [ERROR] [imu_driver.py:97] Error reading IMU data: [Errno 121] Remote I/O error
[2026-01-21 19:41:06] [ERROR] [imu_driver.py:97] Error reading IMU data: [Errno 121] Remote I/O error
[2026-01-21 19:41:06] [ERROR] [imu_driver.py:97] Error reading IMU data: [Errno 121] Remote I/O error
[2026-01-21 19:41:06] [ERROR] [imu_driver.py:97] Error reading IMU data: [Errno 121] Remote I/O error
[2026-01-21 19:41:06] [ERROR] [imu_driver.py:97] Error reading IMU data: [Errno 121] Remote I/O error
[2026-01-21 19:41:07] [ERROR] [imu_driver.py:97] Error reading IMU data: [Errno 121] Remote I/O error
[2026-01-21 19:41:07] [ERROR] [imu_driver.py:97] Error reading IMU data: [Errno 121] Remote I/O error
[2026-01-21 19:41:07] [ERROR] [imu_driver.py:97] Error reading IMU data: [Errno 121] Remote I/O error
[2026-01-21 19:41:07] [ERROR] [imu_driver.py:97] Error reading IMU data: [Errno 121] Remote I/O error
[2026-01-21 19:41:07] [ERROR] [imu_driver.py:97] Error reading IMU data: [Errno 121] Remote I/O error
[2026-01-21 19:41:08] [ERROR] [imu_driver.py:97] Error reading IMU data: [Errno 121] Remote I/O error
[2026-01-21 19:41:08] [ERROR] [imu_driver.py:97] Error reading IMU data: [Errno 121] Remote I/O error
[2026-01-21 19:41:08] [ERROR] [imu_driver.py:97] Error reading IMU data: [Errno 121] Remote I/O error
[2026-01-21 19:41:08] [ERROR] [imu_driver.py:97] Error reading IMU data: [Errno 121] Remote I/O error
[2026-01-21 19:41:08] [ERROR] [imu_driver.py:97] Error reading IMU data: [Errno 121] Remote I/O error
[2026-01-21 19:43:35] [INFO] [get_imu_info.py:8] Initializing IMU Driver...
[2026-01-21 19:43:35] [INFO] [config_loader.py:41] Loaded configuration from /app/jic_competiion/config/imu_params.yaml
[2026-01-21 19:43:35] [ERROR] [imu_driver.py:35] Failed to initialize IMU BNO055 on Bus 5: No I2C device at address: 0x29
[2026-01-21 19:43:35] [INFO] [get_imu_info.py:19] IMU Not Connected (Expected if no hardware)
[2026-01-21 19:44:13] [INFO] [get_imu_info.py:8] Initializing IMU Driver...
[2026-01-21 19:44:13] [INFO] [config_loader.py:41] Loaded configuration from /app/jic_competiion/config/imu_params.yaml
[2026-01-21 19:44:13] [ERROR] [imu_driver.py:35] Failed to initialize IMU BNO055 on Bus 5: No I2C device at address: 0x29
[2026-01-21 19:44:13] [INFO] [get_imu_info.py:19] IMU Not Connected (Expected if no hardware)
[2026-01-21 19:44:44] [INFO] [config_loader.py:41] Loaded configuration from /app/jic_competiion/config/imu_params.yaml
[2026-01-21 19:44:44] [ERROR] [imu_driver.py:35] Failed to initialize IMU BNO055 on Bus 5: No I2C device at address: 0x29
[2026-01-21 19:44:47] [INFO] [config_loader.py:41] Loaded configuration from /app/jic_competiion/config/chasis_params.yaml
[2026-01-22 16:16:54] [INFO] [config_loader.py:41] Loaded configuration from /app/jic_competiion/config/chasis_params.yaml
[2026-01-22 16:17:31] [INFO] [config_loader.py:41] Loaded configuration from /app/jic_competiion/config/chasis_params.yaml
[2026-01-22 16:37:28] [INFO] [config_loader.py:41] Loaded configuration from /app/jic_competiion/config/chasis_params.yaml
[2026-01-22 16:42:52] [INFO] [config_loader.py:41] Loaded configuration from /app/jic_competiion/config/chasis_params.yaml
[2026-01-22 18:19:36] [INFO] [config_loader.py:41] Loaded configuration from /app/jic_competiion/config/chasis_params.yaml
[2026-01-22 18:19:36] [INFO] [config_loader.py:41] Loaded configuration from /app/jic_competiion/config/imu_params.yaml
[2026-01-22 18:19:37] [INFO] [imu_driver.py:33] IMU BNO055 initialized on Bus 5 Address 0x29
[2026-01-22 18:19:58] [INFO] [config_loader.py:41] Loaded configuration from /app/jic_competiion/config/chasis_params.yaml
[2026-01-22 18:19:58] [INFO] [config_loader.py:41] Loaded configuration from /app/jic_competiion/config/imu_params.yaml
[2026-01-22 18:19:59] [INFO] [imu_driver.py:33] IMU BNO055 initialized on Bus 5 Address 0x29
[2026-01-22 18:20:35] [INFO] [config_loader.py:41] Loaded configuration from /app/jic_competiion/config/chasis_params.yaml
[2026-01-22 18:20:36] [INFO] [config_loader.py:41] Loaded configuration from /app/jic_competiion/config/imu_params.yaml
[2026-01-22 18:20:36] [INFO] [imu_driver.py:33] IMU BNO055 initialized on Bus 5 Address 0x29
[2026-01-22 18:21:05] [INFO] [config_loader.py:41] Loaded configuration from /app/jic_competiion/config/chasis_params.yaml
[2026-01-22 18:21:06] [INFO] [config_loader.py:41] Loaded configuration from /app/jic_competiion/config/imu_params.yaml
[2026-01-22 18:21:06] [INFO] [imu_driver.py:33] IMU BNO055 initialized on Bus 5 Address 0x29
[2026-01-22 18:21:58] [INFO] [config_loader.py:41] Loaded configuration from /app/jic_competiion/config/chasis_params.yaml
[2026-01-22 18:21:59] [INFO] [config_loader.py:41] Loaded configuration from /app/jic_competiion/config/imu_params.yaml
[2026-01-22 18:21:59] [INFO] [imu_driver.py:33] IMU BNO055 initialized on Bus 5 Address 0x29
